Using pre-set license
Built from '2022.3/staging' branch; Version is '2022.3.4f1 (35713cd46cd7) revision 3502396'; Using compiler version '192829333'; Build Type 'Release'
OS: 'Windows 10  (10.0.19045) 64bit Professional' Language: 'ru' Physical Memory: 16255 MB
BatchMode: 1, IsHumanControllingUs: 0, StartBugReporterOnCrash: 0, Is64bit: 1, IsPro: 1

COMMAND LINE ARGUMENTS:
E:\Programs\Unity 2022.3.4f1\Editor\Unity.exe
-adb2
-batchMode
-noUpm
-name
AssetImportWorker0
-projectPath
E:/Works/Unity/ShaderWater
-logFile
Logs/AssetImportWorker0.log
-srvPort
52547
Successfully changed project path to: E:/Works/Unity/ShaderWater
E:/Works/Unity/ShaderWater
[UnityMemory] Configuration Parameters - Can be set up in boot.config
    "memorysetup-bucket-allocator-granularity=16"
    "memorysetup-bucket-allocator-bucket-count=8"
    "memorysetup-bucket-allocator-block-size=33554432"
    "memorysetup-bucket-allocator-block-count=8"
    "memorysetup-main-allocator-block-size=16777216"
    "memorysetup-thread-allocator-block-size=16777216"
    "memorysetup-gfx-main-allocator-block-size=16777216"
    "memorysetup-gfx-thread-allocator-block-size=16777216"
    "memorysetup-cache-allocator-block-size=4194304"
    "memorysetup-typetree-allocator-block-size=2097152"
    "memorysetup-profiler-bucket-allocator-granularity=16"
    "memorysetup-profiler-bucket-allocator-bucket-count=8"
    "memorysetup-profiler-bucket-allocator-block-size=33554432"
    "memorysetup-profiler-bucket-allocator-block-count=8"
    "memorysetup-profiler-allocator-block-size=16777216"
    "memorysetup-profiler-editor-allocator-block-size=1048576"
    "memorysetup-temp-allocator-size-main=16777216"
    "memorysetup-job-temp-allocator-block-size=2097152"
    "memorysetup-job-temp-allocator-block-size-background=1048576"
    "memorysetup-job-temp-allocator-reduction-small-platforms=262144"
    "memorysetup-allocator-temp-initial-block-size-main=262144"
    "memorysetup-allocator-temp-initial-block-size-worker=262144"
    "memorysetup-temp-allocator-size-background-worker=32768"
    "memorysetup-temp-allocator-size-job-worker=262144"
    "memorysetup-temp-allocator-size-preload-manager=33554432"
    "memorysetup-temp-allocator-size-nav-mesh-worker=65536"
    "memorysetup-temp-allocator-size-audio-worker=65536"
    "memorysetup-temp-allocator-size-cloud-worker=32768"
    "memorysetup-temp-allocator-size-gi-baking-worker=262144"
    "memorysetup-temp-allocator-size-gfx=262144"
Player connection [16848] Host "[IP] 192.168.56.1 [Port] 0 [Flags] 2 [Guid] 1704420987 [EditorId] 1704420987 [Version] 1048832 [Id] WindowsEditor(7,DESKTOP-5DE2U52) [Debug] 1 [PackageName] WindowsEditor [ProjectName] Editor" joined multi-casting on [225.0.0.222:54997]...

Player connection [16848] Host "[IP] 192.168.56.1 [Port] 0 [Flags] 2 [Guid] 1704420987 [EditorId] 1704420987 [Version] 1048832 [Id] WindowsEditor(7,DESKTOP-5DE2U52) [Debug] 1 [PackageName] WindowsEditor [ProjectName] Editor" joined alternative multi-casting on [225.0.0.222:34997]...

Refreshing native plugins compatible for Editor in 13.36 ms, found 3 plugins.
Preloading 0 native plugins for Editor in 0.00 ms.
Initialize engine version: 2022.3.4f1 (35713cd46cd7)
[Subsystems] Discovering subsystems at path E:/Programs/Unity 2022.3.4f1/Editor/Data/Resources/UnitySubsystems
[Subsystems] Discovering subsystems at path E:/Works/Unity/ShaderWater/Assets
GfxDevice: creating device client; threaded=0; jobified=0
Direct3D:
    Version:  Direct3D 11.0 [level 11.1]
    Renderer: NVIDIA GeForce GTX 1650 (ID=0x1f91)
    Vendor:   NVIDIA
    VRAM:     3949 MB
    Driver:   31.0.15.3758
Initialize mono
Mono path[0] = 'E:/Programs/Unity 2022.3.4f1/Editor/Data/Managed'
Mono path[1] = 'E:/Programs/Unity 2022.3.4f1/Editor/Data/MonoBleedingEdge/lib/mono/unityjit-win32'
Mono config path = 'E:/Programs/Unity 2022.3.4f1/Editor/Data/MonoBleedingEdge/etc'
Using monoOptions --debugger-agent=transport=dt_socket,embedding=1,server=y,suspend=n,address=127.0.0.1:56380
Begin MonoManager ReloadAssembly
Registering precompiled unity dll's ...
Register platform support module: E:/Programs/Unity 2022.3.4f1/Editor/Data/PlaybackEngines/WindowsStandaloneSupport/UnityEditor.WindowsStandalone.Extensions.dll
Registered in 0.006507 seconds.
- Loaded All Assemblies, in  0.580 seconds
Native extension for WindowsStandalone target not found
Mono: successfully reloaded assembly
- Finished resetting the current domain, in  0.468 seconds
Domain Reload Profiling: 1046ms
	BeginReloadAssembly (169ms)
		ExecutionOrderSort (0ms)
		DisableScriptedObjects (0ms)
		BackupInstance (0ms)
		ReleaseScriptingObjects (0ms)
		CreateAndSetChildDomain (1ms)
	RebuildCommonClasses (67ms)
	RebuildNativeTypeToScriptingClass (20ms)
	initialDomainReloadingComplete (83ms)
	LoadAllAssembliesAndSetupDomain (239ms)
		LoadAssemblies (168ms)
		RebuildTransferFunctionScriptingTraits (0ms)
		AnalyzeDomain (234ms)
			TypeCache.Refresh (233ms)
				TypeCache.ScanAssembly (209ms)
			ScanForSourceGeneratedMonoScriptInfo (0ms)
			ResolveRequiredComponents (1ms)
	FinalizeReload (468ms)
		ReleaseScriptCaches (0ms)
		RebuildScriptCaches (0ms)
		SetupLoadedEditorAssemblies (372ms)
			LogAssemblyErrors (0ms)
			InitializePlatformSupportModulesInManaged (13ms)
			SetLoadedEditorAssemblies (12ms)
			RefreshPlugins (0ms)
			BeforeProcessingInitializeOnLoad (3ms)
			ProcessInitializeOnLoadAttributes (249ms)
			ProcessInitializeOnLoadMethodAttributes (94ms)
			AfterProcessingInitializeOnLoad (0ms)
			EditorAssembliesLoaded (0ms)
		ExecutionOrderSort2 (0ms)
		AwakeInstancesAfterBackupRestoration (0ms)
========================================================================
Worker process is ready to serve import requests
Begin MonoManager ReloadAssembly
Symbol file LoadedFromMemory doesn't match image E:\Works\Unity\ShaderWater\Library\PackageCache\com.unity.visualscripting@1.8.0\Editor\VisualScripting.Core\Dependencies\YamlDotNet\Unity.VisualScripting.YamlDotNet.dll
Symbol file LoadedFromMemory doesn't match image E:\Works\Unity\ShaderWater\Library\PackageCache\com.unity.visualscripting@1.8.0\Editor\VisualScripting.Core\Dependencies\DotNetZip\Unity.VisualScripting.IonicZip.dll
- Loaded All Assemblies, in  1.399 seconds
Refreshing native plugins compatible for Editor in 4.19 ms, found 3 plugins.
Native extension for WindowsStandalone target not found
Package Manager log level set to [2]
[Package Manager] Server::EnsureServerProcessIsRunning -- launch failed, reason: Unity was launched with the -noUpm command-line argument
[Package Manager] UpmClient::Send -- Unable to send message (not connected to UPM process).
[Package Manager] Cannot connect to Unity Package Manager local server
Mono: successfully reloaded assembly
- Finished resetting the current domain, in  1.050 seconds
Domain Reload Profiling: 2449ms
	BeginReloadAssembly (283ms)
		ExecutionOrderSort (0ms)
		DisableScriptedObjects (8ms)
		BackupInstance (0ms)
		ReleaseScriptingObjects (1ms)
		CreateAndSetChildDomain (41ms)
	RebuildCommonClasses (68ms)
	RebuildNativeTypeToScriptingClass (24ms)
	initialDomainReloadingComplete (74ms)
	LoadAllAssembliesAndSetupDomain (950ms)
		LoadAssemblies (556ms)
		RebuildTransferFunctionScriptingTraits (0ms)
		AnalyzeDomain (570ms)
			TypeCache.Refresh (526ms)
				TypeCache.ScanAssembly (502ms)
			ScanForSourceGeneratedMonoScriptInfo (31ms)
			ResolveRequiredComponents (13ms)
	FinalizeReload (1051ms)
		ReleaseScriptCaches (0ms)
		RebuildScriptCaches (0ms)
		SetupLoadedEditorAssemblies (776ms)
			LogAssemblyErrors (0ms)
			InitializePlatformSupportModulesInManaged (8ms)
			SetLoadedEditorAssemblies (6ms)
			RefreshPlugins (0ms)
			BeforeProcessingInitializeOnLoad (120ms)
			ProcessInitializeOnLoadAttributes (540ms)
			ProcessInitializeOnLoadMethodAttributes (97ms)
			AfterProcessingInitializeOnLoad (4ms)
			EditorAssembliesLoaded (0ms)
		ExecutionOrderSort2 (0ms)
		AwakeInstancesAfterBackupRestoration (10ms)
Launched and connected shader compiler UnityShaderCompiler.exe after 0.08 seconds
Refreshing native plugins compatible for Editor in 7.58 ms, found 3 plugins.
Preloading 0 native plugins for Editor in 0.00 ms.
Unloading 4917 Unused Serialized files (Serialized files now loaded: 0)
Unloading 64 unused Assets / (351.1 KB). Loaded Objects now: 5379.
Memory consumption went from 201.1 MB to 200.7 MB.
Total: 10.242400 ms (FindLiveObjects: 1.707800 ms CreateObjectMapping: 0.714100 ms MarkObjects: 7.384800 ms  DeleteObjects: 0.432600 ms)

AssetImportParameters requested are different than current active one (requested -> active):
  custom:container-demuxer-ogg: 62fdf1f143b41e24485cea50d1cbac27 -> 
  custom:video-decoder-ogg-theora: a1e56fd34408186e4bbccfd4996cb3dc -> 
  custom:framework-win-MediaFoundation: 216162199b28c13a410421893ffa2e32 -> 
  custom:CustomObjectIndexerAttribute: a3ef5dd2817f97addfee359851a9dba5 -> 
  custom:container-demuxer-webm: 4f35f7cbe854078d1ac9338744f61a02 -> 
  custom:container-muxer-webm: aa71ff27fc2769a1b78a27578f13a17b -> 
  custom:video-decoder-webm-vp8: 9c59270c3fd7afecdb556c50c9e8de78 -> 
  custom:AudioImporter_EditorPlatform: d09bf68614088b80899f8185d706f6e7 -> 
  custom:video-encoder-webm-vp8: eb34c28f22e8b96e1ab97ce403110664 -> 
  custom:audio-decoder-ogg-vorbis: bf7c407c2cedff20999df2af8eb42d56 -> 
  custom:audio-encoder-webm-vorbis: bf7c407c2cedff20999df2af8eb42d56 -> 
========================================================================
Received Import Request.
  Time since last request: 275311.520460 seconds.
  path: Assets/Materials/New Material.mat
  artifactKey: Guid(081ecb20ff2badd4b9df999912a69d5c) Importer(815301076,1909f56bfc062723c751e8b465ee728b)
Start importing Assets/Materials/New Material.mat using Guid(081ecb20ff2badd4b9df999912a69d5c) Importer(815301076,1909f56bfc062723c751e8b465ee728b)  -> (artifact id: '93ace8293db40624030539f5c7b5e5ec') in 0.009465 seconds
Number of updated asset objects reloaded before import = 0
Number of asset objects unloaded after import = 1
========================================================================
Received Import Request.
  Time since last request: 798.565056 seconds.
  path: Assets/Maps/Height Maps/Rugged Terrain with Rocky Peaks Height Map PNG.png
  artifactKey: Guid(d2282575ae6051c42a61bc4386acf91b) Importer(815301076,1909f56bfc062723c751e8b465ee728b)
Start importing Assets/Maps/Height Maps/Rugged Terrain with Rocky Peaks Height Map PNG.png using Guid(d2282575ae6051c42a61bc4386acf91b) Importer(815301076,1909f56bfc062723c751e8b465ee728b)  -> (artifact id: '96f1f0d5e38e25d6687da6d6e2c4ca56') in 0.009878 seconds
Number of updated asset objects reloaded before import = 0
Number of asset objects unloaded after import = 1
========================================================================
Received Import Request.
  Time since last request: 64.716530 seconds.
  path: Assets/Maps/Height Maps/Rugged Terrain with Rocky Peaks Height Map PNG.png
  artifactKey: Guid(d2282575ae6051c42a61bc4386acf91b) Importer(815301076,1909f56bfc062723c751e8b465ee728b)
Start importing Assets/Maps/Height Maps/Rugged Terrain with Rocky Peaks Height Map PNG.png using Guid(d2282575ae6051c42a61bc4386acf91b) Importer(815301076,1909f56bfc062723c751e8b465ee728b)  -> (artifact id: 'f6c182345fbeda99b8600518b17b4446') in 0.001829 seconds
Number of updated asset objects reloaded before import = 0
Number of asset objects unloaded after import = 1
========================================================================
Received Import Request.
  Time since last request: 50.087770 seconds.
  path: Assets/Maps/Height Maps/Rugged Terrain with Rocky Peaks Height Map PNG.png
  artifactKey: Guid(d2282575ae6051c42a61bc4386acf91b) Importer(815301076,1909f56bfc062723c751e8b465ee728b)
Start importing Assets/Maps/Height Maps/Rugged Terrain with Rocky Peaks Height Map PNG.png using Guid(d2282575ae6051c42a61bc4386acf91b) Importer(815301076,1909f56bfc062723c751e8b465ee728b)  -> (artifact id: 'f0f78ee96a2000eb75d27b6aca3d57b5') in 0.003974 seconds
Number of updated asset objects reloaded before import = 0
Number of asset objects unloaded after import = 1
========================================================================
Received Import Request.
  Time since last request: 118.661321 seconds.
  path: Assets/Maps/Height Maps/Rugged Terrain with Rocky Peaks Height Map PNG.png
  artifactKey: Guid(d2282575ae6051c42a61bc4386acf91b) Importer(815301076,1909f56bfc062723c751e8b465ee728b)
Start importing Assets/Maps/Height Maps/Rugged Terrain with Rocky Peaks Height Map PNG.png using Guid(d2282575ae6051c42a61bc4386acf91b) Importer(815301076,1909f56bfc062723c751e8b465ee728b)  -> (artifact id: '952a0a2bc38f92acba8352ab4fb8b6fb') in 0.002007 seconds
Number of updated asset objects reloaded before import = 0
Number of asset objects unloaded after import = 1
========================================================================
Received Import Request.
  Time since last request: 107.592745 seconds.
  path: Assets/Maps/Height Maps/Rugged Terrain with Rocky Peaks Height Map PNG.png
  artifactKey: Guid(d2282575ae6051c42a61bc4386acf91b) Importer(815301076,1909f56bfc062723c751e8b465ee728b)
Start importing Assets/Maps/Height Maps/Rugged Terrain with Rocky Peaks Height Map PNG.png using Guid(d2282575ae6051c42a61bc4386acf91b) Importer(815301076,1909f56bfc062723c751e8b465ee728b)  -> (artifact id: '9a948afa3b31836936d9bd75d1cce9d3') in 0.004641 seconds
Number of updated asset objects reloaded before import = 0
Number of asset objects unloaded after import = 1
========================================================================
Received Import Request.
  Time since last request: 88.290425 seconds.
  path: Assets/Maps/Height Maps/Rugged Terrain with Rocky Peaks Height Map PNG.png
  artifactKey: Guid(d2282575ae6051c42a61bc4386acf91b) Importer(815301076,1909f56bfc062723c751e8b465ee728b)
Start importing Assets/Maps/Height Maps/Rugged Terrain with Rocky Peaks Height Map PNG.png using Guid(d2282575ae6051c42a61bc4386acf91b) Importer(815301076,1909f56bfc062723c751e8b465ee728b)  -> (artifact id: '78f15f9441206d57cfebf7be8d9fa0a9') in 0.023682 seconds
Number of updated asset objects reloaded before import = 0
Number of asset objects unloaded after import = 1
========================================================================
Received Import Request.
  Time since last request: 21.993763 seconds.
  path: Assets/Maps/Height Maps/Rugged Terrain with Rocky Peaks Height Map PNG.png
  artifactKey: Guid(d2282575ae6051c42a61bc4386acf91b) Importer(815301076,1909f56bfc062723c751e8b465ee728b)
Start importing Assets/Maps/Height Maps/Rugged Terrain with Rocky Peaks Height Map PNG.png using Guid(d2282575ae6051c42a61bc4386acf91b) Importer(815301076,1909f56bfc062723c751e8b465ee728b)  -> (artifact id: '86d43878fc8e3c60a3f23b8ff5bedcbd') in 0.001651 seconds
Number of updated asset objects reloaded before import = 0
Number of asset objects unloaded after import = 1
========================================================================
Received Import Request.
  Time since last request: 147.606294 seconds.
  path: Assets/Maps/Height Maps/Rugged Terrain with Rocky Peaks Height Map EXR.exr
  artifactKey: Guid(e940d62b112390c4ea591e962ffff4f1) Importer(815301076,1909f56bfc062723c751e8b465ee728b)
Start importing Assets/Maps/Height Maps/Rugged Terrain with Rocky Peaks Height Map EXR.exr using Guid(e940d62b112390c4ea591e962ffff4f1) Importer(815301076,1909f56bfc062723c751e8b465ee728b)  -> (artifact id: 'cdf9570358d017fd48a044bb579189c6') in 0.006064 seconds
Number of updated asset objects reloaded before import = 0
Number of asset objects unloaded after import = 1
========================================================================
Received Import Request.
  Time since last request: 18.421700 seconds.
  path: Assets/Maps/Height Maps/Rugged Terrain with Rocky Peaks Height Map EXR.exr
  artifactKey: Guid(e940d62b112390c4ea591e962ffff4f1) Importer(815301076,1909f56bfc062723c751e8b465ee728b)
Start importing Assets/Maps/Height Maps/Rugged Terrain with Rocky Peaks Height Map EXR.exr using Guid(e940d62b112390c4ea591e962ffff4f1) Importer(815301076,1909f56bfc062723c751e8b465ee728b)  -> (artifact id: '579add70ac5d52b75d780472127cb9bd') in 0.001586 seconds
Number of updated asset objects reloaded before import = 0
Number of asset objects unloaded after import = 1
========================================================================
Received Import Request.
  Time since last request: 179.776420 seconds.
  path: Assets/Maps/Height Maps/Rugged Terrain with Rocky Peaks Diffuse PNG.png
  artifactKey: Guid(b32312054916f364785a22e492b81af9) Importer(815301076,1909f56bfc062723c751e8b465ee728b)
Start importing Assets/Maps/Height Maps/Rugged Terrain with Rocky Peaks Diffuse PNG.png using Guid(b32312054916f364785a22e492b81af9) Importer(815301076,1909f56bfc062723c751e8b465ee728b)  -> (artifact id: '9977bc68634aa5b6e6f7db463c3c347c') in 0.007724 seconds
Number of updated asset objects reloaded before import = 0
Number of asset objects unloaded after import = 1
========================================================================
Received Import Request.
  Time since last request: 16.294777 seconds.
  path: Assets/Maps/Height Maps/New Material.mat
  artifactKey: Guid(581fe6f74d4ada74da40588267fbf86c) Importer(815301076,1909f56bfc062723c751e8b465ee728b)
Start importing Assets/Maps/Height Maps/New Material.mat using Guid(581fe6f74d4ada74da40588267fbf86c) Importer(815301076,1909f56bfc062723c751e8b465ee728b)  -> (artifact id: 'd5bd9f276398098d324a54db8b96a378') in 0.001609 seconds
Number of updated asset objects reloaded before import = 0
Number of asset objects unloaded after import = 1
========================================================================
Received Import Request.
  Time since last request: 104.328441 seconds.
  path: Assets/Maps/Height Maps/rock-mossy-2.jpg
  artifactKey: Guid(37ffda494c7f19942accc77ff7a1331f) Importer(815301076,1909f56bfc062723c751e8b465ee728b)
Start importing Assets/Maps/Height Maps/rock-mossy-2.jpg using Guid(37ffda494c7f19942accc77ff7a1331f) Importer(815301076,1909f56bfc062723c751e8b465ee728b)  -> (artifact id: 'b9a184e0d5db4d5f50f66e2b4e3e22cb') in 0.006718 seconds
Number of updated asset objects reloaded before import = 0
Number of asset objects unloaded after import = 1
========================================================================
Received Import Request.
  Time since last request: 17.562038 seconds.
  path: Assets/Maps/Height Maps/New Material.mat
  artifactKey: Guid(581fe6f74d4ada74da40588267fbf86c) Importer(815301076,1909f56bfc062723c751e8b465ee728b)
Start importing Assets/Maps/Height Maps/New Material.mat using Guid(581fe6f74d4ada74da40588267fbf86c) Importer(815301076,1909f56bfc062723c751e8b465ee728b)  -> (artifact id: 'abb49c31dbfb3aea5353c8ef7dc517a7') in 0.001143 seconds
Number of updated asset objects reloaded before import = 0
Number of asset objects unloaded after import = 1
========================================================================
Received Prepare
Begin MonoManager ReloadAssembly
Symbol file LoadedFromMemory doesn't match image E:\Works\Unity\ShaderWater\Library\PackageCache\com.unity.visualscripting@1.8.0\Editor\VisualScripting.Core\Dependencies\YamlDotNet\Unity.VisualScripting.YamlDotNet.dll
Symbol file LoadedFromMemory doesn't match image E:\Works\Unity\ShaderWater\Library\PackageCache\com.unity.visualscripting@1.8.0\Editor\VisualScripting.Core\Dependencies\DotNetZip\Unity.VisualScripting.IonicZip.dll
- Loaded All Assemblies, in  1.323 seconds
Refreshing native plugins compatible for Editor in 4.85 ms, found 3 plugins.
Native extension for WindowsStandalone target not found
[Package Manager] Server::EnsureServerProcessIsRunning -- launch failed, reason: Unity was launched with the -noUpm command-line argument
[Package Manager] UpmClient::Send -- Unable to send message (not connected to UPM process).
[Package Manager] Cannot connect to Unity Package Manager local server
Mono: successfully reloaded assembly
- Finished resetting the current domain, in  2.105 seconds
Domain Reload Profiling: 3427ms
	BeginReloadAssembly (338ms)
		ExecutionOrderSort (0ms)
		DisableScriptedObjects (14ms)
		BackupInstance (0ms)
		ReleaseScriptingObjects (0ms)
		CreateAndSetChildDomain (131ms)
	RebuildCommonClasses (39ms)
	RebuildNativeTypeToScriptingClass (20ms)
	initialDomainReloadingComplete (38ms)
	LoadAllAssembliesAndSetupDomain (887ms)
		LoadAssemblies (487ms)
		RebuildTransferFunctionScriptingTraits (0ms)
		AnalyzeDomain (525ms)
			TypeCache.Refresh (509ms)
				TypeCache.ScanAssembly (450ms)
			ScanForSourceGeneratedMonoScriptInfo (0ms)
			ResolveRequiredComponents (16ms)
	FinalizeReload (2105ms)
		ReleaseScriptCaches (0ms)
		RebuildScriptCaches (0ms)
		SetupLoadedEditorAssemblies (846ms)
			LogAssemblyErrors (0ms)
			InitializePlatformSupportModulesInManaged (7ms)
			SetLoadedEditorAssemblies (7ms)
			RefreshPlugins (0ms)
			BeforeProcessingInitializeOnLoad (136ms)
			ProcessInitializeOnLoadAttributes (554ms)
			ProcessInitializeOnLoadMethodAttributes (136ms)
			AfterProcessingInitializeOnLoad (5ms)
			EditorAssembliesLoaded (1ms)
		ExecutionOrderSort2 (0ms)
		AwakeInstancesAfterBackupRestoration (31ms)
Refreshing native plugins compatible for Editor in 6.25 ms, found 3 plugins.
Preloading 0 native plugins for Editor in 0.00 ms.
Unloading 4755 Unused Serialized files (Serialized files now loaded: 0)
Unloading 39 unused Assets / (318.1 KB). Loaded Objects now: 5384.
Memory consumption went from 172.6 MB to 172.3 MB.
Total: 6.541000 ms (FindLiveObjects: 0.554600 ms CreateObjectMapping: 0.598900 ms MarkObjects: 5.134800 ms  DeleteObjects: 0.251500 ms)

Prepare: number of updated asset objects reloaded= 0
AssetImportParameters requested are different than current active one (requested -> active):
  custom:container-demuxer-ogg: 62fdf1f143b41e24485cea50d1cbac27 -> 
  custom:video-decoder-ogg-theora: a1e56fd34408186e4bbccfd4996cb3dc -> 
  custom:framework-win-MediaFoundation: 216162199b28c13a410421893ffa2e32 -> 
  custom:CustomObjectIndexerAttribute: a3ef5dd2817f97addfee359851a9dba5 -> 
  custom:container-demuxer-webm: 4f35f7cbe854078d1ac9338744f61a02 -> 
  custom:container-muxer-webm: aa71ff27fc2769a1b78a27578f13a17b -> 
  custom:video-decoder-webm-vp8: 9c59270c3fd7afecdb556c50c9e8de78 -> 
  custom:AudioImporter_EditorPlatform: d09bf68614088b80899f8185d706f6e7 -> 
  custom:video-encoder-webm-vp8: eb34c28f22e8b96e1ab97ce403110664 -> 
  custom:audio-decoder-ogg-vorbis: bf7c407c2cedff20999df2af8eb42d56 -> 
  custom:audio-encoder-webm-vorbis: bf7c407c2cedff20999df2af8eb42d56 -> 
========================================================================
Received Import Request.
  Time since last request: 6059.401265 seconds.
  path: Assets/Materials/New Material.mat
  artifactKey: Guid(081ecb20ff2badd4b9df999912a69d5c) Importer(815301076,1909f56bfc062723c751e8b465ee728b)
Start importing Assets/Materials/New Material.mat using Guid(081ecb20ff2badd4b9df999912a69d5c) Importer(815301076,1909f56bfc062723c751e8b465ee728b)  -> (artifact id: '4689a70e81bf2be6cc776babcadb2b09') in 0.225851 seconds
Number of updated asset objects reloaded before import = 0
Number of asset objects unloaded after import = 1
